2021-03-08 22:48:47 INFO: Loading these models for language: en (English):
=======================
| Processor | Package |
-----------------------
| tokenize  | ewt     |
=======================

2021-03-08 22:48:48 INFO: Use device: gpu
2021-03-08 22:48:48 INFO: Loading: tokenize
2021-03-08 22:48:50 INFO: Done loading processors!
num_ner_anno 18541 num_el_anno 4855
num_ner_anno 4791 num_el_anno 1126
num_ner_anno 4485 num_el_anno 1131
dataset:  aida_train
num_ner_anno 18541 num_el_anno 4855
100%|██████████████████████████████████████████████████████████████████████████████████████████████████████████████████████████████████████████████████████████████| 946/946 [00:55<00:00, 16.91it/s]
num_split 67
dataset:  aida_testa
num_ner_anno 4791 num_el_anno 1126
100%|██████████████████████████████████████████████████████████████████████████████████████████████████████████████████████████████████████████████████████████████| 216/216 [00:13<00:00, 15.50it/s]
num_split 10
dataset:  aida_testb
num_ner_anno 4485 num_el_anno 1131
100%|██████████████████████████████████████████████████████████████████████████████████████████████████████████████████████████████████████████████████████████████| 231/231 [00:12<00:00, 18.41it/s]
num_split 7

