dataset_path /scratch365/yding4/e2e_EL_evaluate/data/5_13_2021/label_xml_EL/GT/wned/ace2004
args.subset_xml_dir /scratch365/yding4/e2e_EL_evaluate/data/5_13_2021/label_xml_EL/GT/wned
num_ner_anno 2 num_el_anno 191 num_shift_anno 0 num_change_length 0
num_ner_anno 0 num_el_anno 256 num_shift_anno 0 num_change_length 0
FLAG_EQUAL_TXT:  False
dataset_path /scratch365/yding4/e2e_EL_evaluate/data/5_13_2021/label_xml_EL/GT/wned/aquaint
args.subset_xml_dir /scratch365/yding4/e2e_EL_evaluate/data/5_13_2021/label_xml_EL/GT/wned
num_ner_anno 10 num_el_anno 495 num_shift_anno 0 num_change_length 0
num_ner_anno 0 num_el_anno 727 num_shift_anno 0 num_change_length 0
FLAG_EQUAL_TXT:  False
dataset_path /scratch365/yding4/e2e_EL_evaluate/data/5_13_2021/label_xml_EL/GT/wned/clueweb
args.subset_xml_dir /scratch365/yding4/e2e_EL_evaluate/data/5_13_2021/label_xml_EL/GT/wned
num_ner_anno 174 num_el_anno 7824 num_shift_anno 0 num_change_length 0
num_ner_anno 0 num_el_anno 11139 num_shift_anno 0 num_change_length 0
FLAG_EQUAL_TXT:  False
dataset_path /scratch365/yding4/e2e_EL_evaluate/data/5_13_2021/label_xml_EL/GT/wned/msnbc
args.subset_xml_dir /scratch365/yding4/e2e_EL_evaluate/data/5_13_2021/label_xml_EL/GT/wned
num_ner_anno 11 num_el_anno 463 num_shift_anno 0 num_change_length 0
num_ner_anno 0 num_el_anno 656 num_shift_anno 0 num_change_length 0
FLAG_EQUAL_TXT:  False
dataset_path /scratch365/yding4/e2e_EL_evaluate/data/5_13_2021/label_xml_EL/GT/wned/wikipedia
args.subset_xml_dir /scratch365/yding4/e2e_EL_evaluate/data/5_13_2021/label_xml_EL/GT/wned
num_ner_anno 80 num_el_anno 4279 num_shift_anno 0 num_change_length 0
num_ner_anno 0 num_el_anno 6786 num_shift_anno 0 num_change_length 0
FLAG_EQUAL_TXT:  False
dataset_path /scratch365/yding4/e2e_EL_evaluate/data/5_13_2021/label_xml_EL/GT/aida/aida_testa
args.subset_xml_dir /scratch365/yding4/e2e_EL_evaluate/data/5_13_2021/label_xml_EL/GT/aida
num_ner_anno 32 num_el_anno 2957 num_shift_anno 0 num_change_length 0
num_ner_anno 0 num_el_anno 4787 num_shift_anno 0 num_change_length 0
FLAG_EQUAL_TXT:  False
dataset_path /scratch365/yding4/e2e_EL_evaluate/data/5_13_2021/label_xml_EL/GT/aida/aida_testb
args.subset_xml_dir /scratch365/yding4/e2e_EL_evaluate/data/5_13_2021/label_xml_EL/GT/aida
num_ner_anno 16 num_el_anno 2840 num_shift_anno 0 num_change_length 0
num_ner_anno 0 num_el_anno 4480 num_shift_anno 0 num_change_length 0
FLAG_EQUAL_TXT:  False
dataset_path /scratch365/yding4/e2e_EL_evaluate/data/5_13_2021/label_xml_EL/GT/aida/aida_train
args.subset_xml_dir /scratch365/yding4/e2e_EL_evaluate/data/5_13_2021/label_xml_EL/GT/aida
num_ner_anno 154 num_el_anno 11684 num_shift_anno 0 num_change_length 0
num_ner_anno 0 num_el_anno 18511 num_shift_anno 0 num_change_length 0
FLAG_EQUAL_TXT:  False
verify 27910
remove 479
edit 2823
