dataset_path /scratch365/yding4/e2e_EL_evaluate/data/5_13_2021/label_xml_EL/rel/wned/ace2004
args.subset_xml_dir /scratch365/yding4/e2e_EL_evaluate/data/5_13_2021/label_xml_EL/rel/wned
num_ner_anno 13 num_el_anno 1115 num_shift_anno 0 num_change_length 0
num_ner_anno 0 num_el_anno 1672 num_shift_anno 0 num_change_length 0
FLAG_EQUAL_TXT:  False
dataset_path /scratch365/yding4/e2e_EL_evaluate/data/5_13_2021/label_xml_EL/rel/wned/aquaint
args.subset_xml_dir /scratch365/yding4/e2e_EL_evaluate/data/5_13_2021/label_xml_EL/rel/wned
num_ner_anno 11 num_el_anno 601 num_shift_anno 0 num_change_length 0
num_ner_anno 0 num_el_anno 925 num_shift_anno 0 num_change_length 0
FLAG_EQUAL_TXT:  False
dataset_path /scratch365/yding4/e2e_EL_evaluate/data/5_13_2021/label_xml_EL/rel/wned/clueweb
args.subset_xml_dir /scratch365/yding4/e2e_EL_evaluate/data/5_13_2021/label_xml_EL/rel/wned
num_ner_anno 580 num_el_anno 14751 num_shift_anno 0 num_change_length 0
num_ner_anno 0 num_el_anno 23056 num_shift_anno 0 num_change_length 0
FLAG_EQUAL_TXT:  False
dataset_path /scratch365/yding4/e2e_EL_evaluate/data/5_13_2021/label_xml_EL/rel/wned/msnbc
args.subset_xml_dir /scratch365/yding4/e2e_EL_evaluate/data/5_13_2021/label_xml_EL/rel/wned
num_ner_anno 12 num_el_anno 505 num_shift_anno 0 num_change_length 0
num_ner_anno 0 num_el_anno 756 num_shift_anno 0 num_change_length 0
FLAG_EQUAL_TXT:  False
dataset_path /scratch365/yding4/e2e_EL_evaluate/data/5_13_2021/label_xml_EL/rel/wned/wikipedia
args.subset_xml_dir /scratch365/yding4/e2e_EL_evaluate/data/5_13_2021/label_xml_EL/rel/wned
num_ner_anno 166 num_el_anno 6987 num_shift_anno 0 num_change_length 0
num_ner_anno 0 num_el_anno 11177 num_shift_anno 0 num_change_length 0
FLAG_EQUAL_TXT:  False
dataset_path /scratch365/yding4/e2e_EL_evaluate/data/5_13_2021/label_xml_EL/rel/aida/aida_testa
args.subset_xml_dir /scratch365/yding4/e2e_EL_evaluate/data/5_13_2021/label_xml_EL/rel/aida
num_ner_anno 51 num_el_anno 3666 num_shift_anno 0 num_change_length 0
num_ner_anno 0 num_el_anno 5439 num_shift_anno 0 num_change_length 0
FLAG_EQUAL_TXT:  False
dataset_path /scratch365/yding4/e2e_EL_evaluate/data/5_13_2021/label_xml_EL/rel/aida/aida_testb
args.subset_xml_dir /scratch365/yding4/e2e_EL_evaluate/data/5_13_2021/label_xml_EL/rel/aida
num_ner_anno 77 num_el_anno 2869 num_shift_anno 0 num_change_length 0
num_ner_anno 0 num_el_anno 5079 num_shift_anno 0 num_change_length 0
FLAG_EQUAL_TXT:  False
dataset_path /scratch365/yding4/e2e_EL_evaluate/data/5_13_2021/label_xml_EL/rel/aida/aida_train
args.subset_xml_dir /scratch365/yding4/e2e_EL_evaluate/data/5_13_2021/label_xml_EL/rel/aida
num_ner_anno 232 num_el_anno 13205 num_shift_anno 0 num_change_length 0
num_ner_anno 0 num_el_anno 21172 num_shift_anno 0 num_change_length 0
FLAG_EQUAL_TXT:  False
verify 39231
remove 1142
edit 4468
