dataset:  ace2004
num_ner_anno 0 num_el_anno 1352 num_shift_anno 0 num_change_length 0
num_of_docs_from_txt:  357
num_of_docs_from_anno:  318
dataset:  aquaint
num_ner_anno 0 num_el_anno 810 num_shift_anno 0 num_change_length 0
num_of_docs_from_txt:  193
num_of_docs_from_anno:  170
dataset:  clueweb
num_ner_anno 0 num_el_anno 12247 num_shift_anno 0 num_change_length 0
num_of_docs_from_txt:  6114
num_of_docs_from_anno:  3678
dataset:  msnbc
num_ner_anno 0 num_el_anno 629 num_shift_anno 0 num_change_length 0
num_of_docs_from_txt:  184
num_of_docs_from_anno:  163
dataset:  wikipedia
num_ner_anno 0 num_el_anno 8136 num_shift_anno 0 num_change_length 0
num_of_docs_from_txt:  1686
num_of_docs_from_anno:  1578
