dataset:  ace2004
num_ner_anno 0 num_el_anno 256 num_shift_anno 0 num_change_length 0
num_of_docs_from_txt:  357
num_of_docs_from_anno:  114
dataset:  aquaint
num_ner_anno 0 num_el_anno 727 num_shift_anno 0 num_change_length 0
num_of_docs_from_txt:  193
num_of_docs_from_anno:  175
dataset:  clueweb
num_ner_anno 0 num_el_anno 11139 num_shift_anno 0 num_change_length 0
num_of_docs_from_txt:  6114
num_of_docs_from_anno:  3526
dataset:  msnbc
num_ner_anno 0 num_el_anno 656 num_shift_anno 0 num_change_length 0
num_of_docs_from_txt:  184
num_of_docs_from_anno:  164
dataset:  wikipedia
num_ner_anno 0 num_el_anno 6786 num_shift_anno 0 num_change_length 0
num_of_docs_from_txt:  1686
num_of_docs_from_anno:  1348
