num_ner_anno 0 num_el_anno 104 num_shift_anno 0 num_change_length 0
num_ner_anno 0 num_el_anno 258 num_shift_anno 0 num_change_length 0
num_ner_anno 0 num_el_anno 219 num_shift_anno 0 num_change_length 0
model GT
num_ner_anno 0 num_el_anno 106 num_shift_anno 0 num_change_length 0
dataset:  ace2004  model:  GT
{'micro_precision': 0.9622641509433962, 'micro_recall': 0.37362637362637363, 'micro_F1': 0.5382585751978892, 'macro_precision': 0.9866071428571428, 'macro_recall': 0.3884221681096682, 'macro_F1': 0.5573991513411546}
model rel
num_ner_anno 0 num_el_anno 262 num_shift_anno 0 num_change_length 0
dataset:  ace2004  model:  rel
{'micro_precision': 0.9312977099236641, 'micro_recall': 0.8937728937728938, 'micro_F1': 0.9121495327102805, 'macro_precision': 0.939360119047619, 'macro_recall': 0.9005208333333332, 'macro_F1': 0.919530533875229}
model end2end_neural_el
num_ner_anno 0 num_el_anno 221 num_shift_anno 0 num_change_length 0
dataset:  ace2004  model:  end2end_neural_el
{'micro_precision': 0.9728506787330317, 'micro_recall': 0.7875457875457875, 'micro_F1': 0.8704453441295545, 'macro_precision': 0.9737103174603176, 'macro_recall': 0.7829605579605582, 'macro_F1': 0.867979066674088}
num_ner_anno 0 num_el_anno 185 num_shift_anno 0 num_change_length 0
num_ner_anno 0 num_el_anno 243 num_shift_anno 0 num_change_length 0
num_ner_anno 0 num_el_anno 220 num_shift_anno 0 num_change_length 0
model GT
num_ner_anno 0 num_el_anno 189 num_shift_anno 0 num_change_length 0
dataset:  aquaint  model:  GT
{'micro_precision': 0.9312169312169312, 'micro_recall': 0.5116279069767442, 'micro_F1': 0.6604127579737336, 'macro_precision': 0.9352703793381759, 'macro_recall': 0.5332974464330399, 'macro_F1': 0.6792703697748216}
model rel
num_ner_anno 0 num_el_anno 249 num_shift_anno 0 num_change_length 0
dataset:  aquaint  model:  rel
{'micro_precision': 0.9196787148594378, 'micro_recall': 0.6656976744186046, 'micro_F1': 0.772344013490725, 'macro_precision': 0.9466674130467234, 'macro_recall': 0.6421940112618079, 'macro_F1': 0.7652576039850547}
model end2end_neural_el
num_ner_anno 0 num_el_anno 224 num_shift_anno 0 num_change_length 0
dataset:  aquaint  model:  end2end_neural_el
{'micro_precision': 0.9508928571428571, 'micro_recall': 0.6191860465116279, 'micro_F1': 0.7499999999999999, 'macro_precision': 0.9730297967140071, 'macro_recall': 0.5840400183620523, 'macro_F1': 0.7299458699119579}
