dataset:  aida_testa
num_ner_anno 0 num_el_anno 4618 num_shift_anno 0 num_change_length 0
num_ner_anno 0 num_el_anno 5194 num_shift_anno 0 num_change_length 0
num_ner_anno 0 num_el_anno 4567 num_shift_anno 0 num_change_length 0
num_ner_anno 0 num_el_anno 4665 num_shift_anno 0 num_change_length 0
model:  GT
{'type_a': 4489, 'type_b': 176, 'type_c': 0, 'type_d': 0, 'type_e': 0}
{'type_a': 4489, 'type_b': 1614, 'type_c': 37, 'type_d': 33, 'type_e': 708}
dataset:  aida_testb
num_ner_anno 0 num_el_anno 4226 num_shift_anno 0 num_change_length 0
num_ner_anno 0 num_el_anno 4688 num_shift_anno 0 num_change_length 0
num_ner_anno 0 num_el_anno 4083 num_shift_anno 0 num_change_length 0
num_ner_anno 0 num_el_anno 4265 num_shift_anno 0 num_change_length 0
model:  GT
{'type_a': 4087, 'type_b': 177, 'type_c': 0, 'type_d': 0, 'type_e': 1}
{'type_a': 4087, 'type_b': 1467, 'type_c': 32, 'type_d': 42, 'type_e': 697}
dataset:  aida_train
num_ner_anno 0 num_el_anno 17306 num_shift_anno 0 num_change_length 0
num_ner_anno 0 num_el_anno 19554 num_shift_anno 0 num_change_length 0
num_ner_anno 0 num_el_anno 17122 num_shift_anno 0 num_change_length 0
num_ner_anno 0 num_el_anno 17544 num_shift_anno 0 num_change_length 0
model:  GT
{'type_a': 17063, 'type_b': 478, 'type_c': 1, 'type_d': 2, 'type_e': 0}
{'type_a': 17063, 'type_b': 5452, 'type_c': 116, 'type_d': 68, 'type_e': 2352}
dataset:  ace2004
num_ner_anno 0 num_el_anno 244 num_shift_anno 0 num_change_length 0
num_ner_anno 0 num_el_anno 653 num_shift_anno 0 num_change_length 0
num_ner_anno 0 num_el_anno 569 num_shift_anno 0 num_change_length 0
num_ner_anno 0 num_el_anno 246 num_shift_anno 0 num_change_length 0
model:  GT
{'type_a': 239, 'type_b': 5, 'type_c': 0, 'type_d': 0, 'type_e': 2}
{'type_a': 239, 'type_b': 36, 'type_c': 9, 'type_d': 7, 'type_e': 557}
dataset:  aquaint
num_ner_anno 0 num_el_anno 621 num_shift_anno 0 num_change_length 0
num_ner_anno 0 num_el_anno 821 num_shift_anno 0 num_change_length 0
num_ner_anno 0 num_el_anno 743 num_shift_anno 0 num_change_length 0
num_ner_anno 0 num_el_anno 634 num_shift_anno 0 num_change_length 0
model:  GT
{'type_a': 599, 'type_b': 24, 'type_c': 1, 'type_d': 0, 'type_e': 10}
{'type_a': 599, 'type_b': 91, 'type_c': 38, 'type_d': 49, 'type_e': 537}
dataset:  clueweb
num_ner_anno 0 num_el_anno 9077 num_shift_anno 0 num_change_length 0
num_ner_anno 0 num_el_anno 12521 num_shift_anno 0 num_change_length 0
num_ner_anno 0 num_el_anno 8281 num_shift_anno 0 num_change_length 0
num_ner_anno 0 num_el_anno 9245 num_shift_anno 0 num_change_length 0
model:  GT
{'type_a': 8593, 'type_b': 603, 'type_c': 2, 'type_d': 3, 'type_e': 44}
{'type_a': 8593, 'type_b': 3395, 'type_c': 167, 'type_d': 273, 'type_e': 5737}
dataset:  msnbc
num_ner_anno 0 num_el_anno 584 num_shift_anno 0 num_change_length 0
num_ner_anno 0 num_el_anno 658 num_shift_anno 0 num_change_length 0
num_ner_anno 0 num_el_anno 569 num_shift_anno 0 num_change_length 0
num_ner_anno 0 num_el_anno 596 num_shift_anno 0 num_change_length 0
model:  GT
{'type_a': 570, 'type_b': 23, 'type_c': 0, 'type_d': 2, 'type_e': 1}
{'type_a': 570, 'type_b': 151, 'type_c': 19, 'type_d': 43, 'type_e': 122}
dataset:  wikipedia
num_ner_anno 0 num_el_anno 6157 num_shift_anno 0 num_change_length 0
num_ner_anno 0 num_el_anno 8489 num_shift_anno 0 num_change_length 0
num_ner_anno 0 num_el_anno 6556 num_shift_anno 0 num_change_length 0
num_ner_anno 0 num_el_anno 6293 num_shift_anno 0 num_change_length 0
model:  GT
{'type_a': 5740, 'type_b': 472, 'type_c': 0, 'type_d': 11, 'type_e': 70}
{'type_a': 5740, 'type_b': 2118, 'type_c': 253, 'type_d': 657, 'type_e': 4631}
