dataset_path /scratch365/yding4/e2e_EL_evaluate/data/5_13_2021/label_xml_EL/GT/wned/ace2004
args.subset_xml_dir /scratch365/yding4/e2e_EL_evaluate/data/5_13_2021/label_xml_EL/GT/wned
num_ner_anno 2 num_el_anno 191 num_shift_anno 0 num_change_length 0
num_ner_anno 0 num_el_anno 256 num_shift_anno 0 num_change_length 0
FLAG_EQUAL_TXT:  False
model:  GT  dataset:  ace2004
verify:  186  edit:  5  remove:  2
dataset_path /scratch365/yding4/e2e_EL_evaluate/data/5_13_2021/label_xml_EL/GT/wned/aquaint
args.subset_xml_dir /scratch365/yding4/e2e_EL_evaluate/data/5_13_2021/label_xml_EL/GT/wned
num_ner_anno 10 num_el_anno 495 num_shift_anno 0 num_change_length 0
num_ner_anno 0 num_el_anno 727 num_shift_anno 0 num_change_length 0
FLAG_EQUAL_TXT:  False
model:  GT  dataset:  aquaint
verify:  465  edit:  30  remove:  10
dataset_path /scratch365/yding4/e2e_EL_evaluate/data/5_13_2021/label_xml_EL/GT/wned/clueweb
args.subset_xml_dir /scratch365/yding4/e2e_EL_evaluate/data/5_13_2021/label_xml_EL/GT/wned
num_ner_anno 174 num_el_anno 7824 num_shift_anno 0 num_change_length 0
num_ner_anno 0 num_el_anno 11139 num_shift_anno 0 num_change_length 0
FLAG_EQUAL_TXT:  False
model:  GT  dataset:  clueweb
verify:  7026  edit:  798  remove:  174
dataset_path /scratch365/yding4/e2e_EL_evaluate/data/5_13_2021/label_xml_EL/GT/wned/msnbc
args.subset_xml_dir /scratch365/yding4/e2e_EL_evaluate/data/5_13_2021/label_xml_EL/GT/wned
num_ner_anno 11 num_el_anno 463 num_shift_anno 0 num_change_length 0
num_ner_anno 0 num_el_anno 656 num_shift_anno 0 num_change_length 0
FLAG_EQUAL_TXT:  False
model:  GT  dataset:  msnbc
verify:  432  edit:  31  remove:  11
dataset_path /scratch365/yding4/e2e_EL_evaluate/data/5_13_2021/label_xml_EL/GT/wned/wikipedia
args.subset_xml_dir /scratch365/yding4/e2e_EL_evaluate/data/5_13_2021/label_xml_EL/GT/wned
num_ner_anno 80 num_el_anno 4279 num_shift_anno 0 num_change_length 0
num_ner_anno 0 num_el_anno 6786 num_shift_anno 0 num_change_length 0
FLAG_EQUAL_TXT:  False
model:  GT  dataset:  wikipedia
verify:  3869  edit:  410  remove:  80
dataset_path /scratch365/yding4/e2e_EL_evaluate/data/5_13_2021/label_xml_EL/GT/aida/aida_testa
args.subset_xml_dir /scratch365/yding4/e2e_EL_evaluate/data/5_13_2021/label_xml_EL/GT/aida
num_ner_anno 32 num_el_anno 2957 num_shift_anno 0 num_change_length 0
num_ner_anno 0 num_el_anno 4787 num_shift_anno 0 num_change_length 0
FLAG_EQUAL_TXT:  False
model:  GT  dataset:  aida_testa
verify:  2657  edit:  300  remove:  32
dataset_path /scratch365/yding4/e2e_EL_evaluate/data/5_13_2021/label_xml_EL/GT/aida/aida_testb
args.subset_xml_dir /scratch365/yding4/e2e_EL_evaluate/data/5_13_2021/label_xml_EL/GT/aida
num_ner_anno 16 num_el_anno 2840 num_shift_anno 0 num_change_length 0
num_ner_anno 0 num_el_anno 4480 num_shift_anno 0 num_change_length 0
FLAG_EQUAL_TXT:  False
model:  GT  dataset:  aida_testb
verify:  2599  edit:  241  remove:  16
dataset_path /scratch365/yding4/e2e_EL_evaluate/data/5_13_2021/label_xml_EL/GT/aida/aida_train
args.subset_xml_dir /scratch365/yding4/e2e_EL_evaluate/data/5_13_2021/label_xml_EL/GT/aida
num_ner_anno 154 num_el_anno 11684 num_shift_anno 0 num_change_length 0
num_ner_anno 0 num_el_anno 18511 num_shift_anno 0 num_change_length 0
FLAG_EQUAL_TXT:  False
model:  GT  dataset:  aida_train
verify:  10676  edit:  1008  remove:  154
dataset_path /scratch365/yding4/e2e_EL_evaluate/data/5_13_2021/label_xml_EL/rel/wned/ace2004
args.subset_xml_dir /scratch365/yding4/e2e_EL_evaluate/data/5_13_2021/label_xml_EL/rel/wned
num_ner_anno 13 num_el_anno 1115 num_shift_anno 0 num_change_length 0
num_ner_anno 0 num_el_anno 1672 num_shift_anno 0 num_change_length 0
FLAG_EQUAL_TXT:  False
model:  rel  dataset:  ace2004
verify:  1000  edit:  115  remove:  13
dataset_path /scratch365/yding4/e2e_EL_evaluate/data/5_13_2021/label_xml_EL/rel/wned/aquaint
args.subset_xml_dir /scratch365/yding4/e2e_EL_evaluate/data/5_13_2021/label_xml_EL/rel/wned
num_ner_anno 11 num_el_anno 601 num_shift_anno 0 num_change_length 0
num_ner_anno 0 num_el_anno 925 num_shift_anno 0 num_change_length 0
FLAG_EQUAL_TXT:  False
model:  rel  dataset:  aquaint
verify:  565  edit:  36  remove:  11
dataset_path /scratch365/yding4/e2e_EL_evaluate/data/5_13_2021/label_xml_EL/rel/wned/clueweb
args.subset_xml_dir /scratch365/yding4/e2e_EL_evaluate/data/5_13_2021/label_xml_EL/rel/wned
num_ner_anno 580 num_el_anno 14751 num_shift_anno 0 num_change_length 0
num_ner_anno 0 num_el_anno 23056 num_shift_anno 0 num_change_length 0
FLAG_EQUAL_TXT:  False
model:  rel  dataset:  clueweb
verify:  13171  edit:  1580  remove:  580
dataset_path /scratch365/yding4/e2e_EL_evaluate/data/5_13_2021/label_xml_EL/rel/wned/msnbc
args.subset_xml_dir /scratch365/yding4/e2e_EL_evaluate/data/5_13_2021/label_xml_EL/rel/wned
num_ner_anno 12 num_el_anno 505 num_shift_anno 0 num_change_length 0
num_ner_anno 0 num_el_anno 756 num_shift_anno 0 num_change_length 0
FLAG_EQUAL_TXT:  False
model:  rel  dataset:  msnbc
verify:  465  edit:  40  remove:  12
dataset_path /scratch365/yding4/e2e_EL_evaluate/data/5_13_2021/label_xml_EL/rel/wned/wikipedia
args.subset_xml_dir /scratch365/yding4/e2e_EL_evaluate/data/5_13_2021/label_xml_EL/rel/wned
num_ner_anno 166 num_el_anno 6987 num_shift_anno 0 num_change_length 0
num_ner_anno 0 num_el_anno 11177 num_shift_anno 0 num_change_length 0
FLAG_EQUAL_TXT:  False
model:  rel  dataset:  wikipedia
verify:  6157  edit:  830  remove:  166
dataset_path /scratch365/yding4/e2e_EL_evaluate/data/5_13_2021/label_xml_EL/rel/aida/aida_testa
args.subset_xml_dir /scratch365/yding4/e2e_EL_evaluate/data/5_13_2021/label_xml_EL/rel/aida
num_ner_anno 51 num_el_anno 3666 num_shift_anno 0 num_change_length 0
num_ner_anno 0 num_el_anno 5439 num_shift_anno 0 num_change_length 0
FLAG_EQUAL_TXT:  False
model:  rel  dataset:  aida_testa
verify:  3324  edit:  342  remove:  51
dataset_path /scratch365/yding4/e2e_EL_evaluate/data/5_13_2021/label_xml_EL/rel/aida/aida_testb
args.subset_xml_dir /scratch365/yding4/e2e_EL_evaluate/data/5_13_2021/label_xml_EL/rel/aida
num_ner_anno 77 num_el_anno 2869 num_shift_anno 0 num_change_length 0
num_ner_anno 0 num_el_anno 5079 num_shift_anno 0 num_change_length 0
FLAG_EQUAL_TXT:  False
model:  rel  dataset:  aida_testb
verify:  2618  edit:  251  remove:  77
dataset_path /scratch365/yding4/e2e_EL_evaluate/data/5_13_2021/label_xml_EL/rel/aida/aida_train
args.subset_xml_dir /scratch365/yding4/e2e_EL_evaluate/data/5_13_2021/label_xml_EL/rel/aida
num_ner_anno 232 num_el_anno 13205 num_shift_anno 0 num_change_length 0
num_ner_anno 0 num_el_anno 21172 num_shift_anno 0 num_change_length 0
FLAG_EQUAL_TXT:  False
model:  rel  dataset:  aida_train
verify:  11931  edit:  1274  remove:  232
dataset_path /scratch365/yding4/e2e_EL_evaluate/data/5_13_2021/label_xml_EL/end2end_neural_el/wned/ace2004
args.subset_xml_dir /scratch365/yding4/e2e_EL_evaluate/data/5_13_2021/label_xml_EL/end2end_neural_el/wned
num_ner_anno 8 num_el_anno 917 num_shift_anno 0 num_change_length 0
num_ner_anno 0 num_el_anno 1352 num_shift_anno 0 num_change_length 0
FLAG_EQUAL_TXT:  False
model:  end2end_neural_el  dataset:  ace2004
verify:  858  edit:  59  remove:  8
dataset_path /scratch365/yding4/e2e_EL_evaluate/data/5_13_2021/label_xml_EL/end2end_neural_el/wned/aquaint
args.subset_xml_dir /scratch365/yding4/e2e_EL_evaluate/data/5_13_2021/label_xml_EL/end2end_neural_el/wned
num_ner_anno 6 num_el_anno 573 num_shift_anno 0 num_change_length 0
num_ner_anno 0 num_el_anno 810 num_shift_anno 0 num_change_length 0
FLAG_EQUAL_TXT:  False
model:  end2end_neural_el  dataset:  aquaint
verify:  541  edit:  32  remove:  6
dataset_path /scratch365/yding4/e2e_EL_evaluate/data/5_13_2021/label_xml_EL/end2end_neural_el/wned/clueweb
args.subset_xml_dir /scratch365/yding4/e2e_EL_evaluate/data/5_13_2021/label_xml_EL/end2end_neural_el/wned
num_ner_anno 135 num_el_anno 8261 num_shift_anno 0 num_change_length 0
num_ner_anno 0 num_el_anno 12247 num_shift_anno 0 num_change_length 0
FLAG_EQUAL_TXT:  False
model:  end2end_neural_el  dataset:  clueweb
verify:  7656  edit:  605  remove:  135
dataset_path /scratch365/yding4/e2e_EL_evaluate/data/5_13_2021/label_xml_EL/end2end_neural_el/wned/msnbc
args.subset_xml_dir /scratch365/yding4/e2e_EL_evaluate/data/5_13_2021/label_xml_EL/end2end_neural_el/wned
num_ner_anno 9 num_el_anno 395 num_shift_anno 0 num_change_length 0
num_ner_anno 0 num_el_anno 629 num_shift_anno 0 num_change_length 0
FLAG_EQUAL_TXT:  False
model:  end2end_neural_el  dataset:  msnbc
verify:  366  edit:  29  remove:  9
dataset_path /scratch365/yding4/e2e_EL_evaluate/data/5_13_2021/label_xml_EL/end2end_neural_el/wned/wikipedia
args.subset_xml_dir /scratch365/yding4/e2e_EL_evaluate/data/5_13_2021/label_xml_EL/end2end_neural_el/wned
num_ner_anno 100 num_el_anno 5216 num_shift_anno 0 num_change_length 0
num_ner_anno 0 num_el_anno 8136 num_shift_anno 0 num_change_length 0
FLAG_EQUAL_TXT:  False
model:  end2end_neural_el  dataset:  wikipedia
verify:  4745  edit:  471  remove:  100
dataset_path /scratch365/yding4/e2e_EL_evaluate/data/5_13_2021/label_xml_EL/end2end_neural_el/aida/aida_testa
args.subset_xml_dir /scratch365/yding4/e2e_EL_evaluate/data/5_13_2021/label_xml_EL/end2end_neural_el/aida
num_ner_anno 41 num_el_anno 2998 num_shift_anno 0 num_change_length 0
num_ner_anno 0 num_el_anno 4754 num_shift_anno 0 num_change_length 0
FLAG_EQUAL_TXT:  False
model:  end2end_neural_el  dataset:  aida_testa
verify:  2735  edit:  263  remove:  41
dataset_path /scratch365/yding4/e2e_EL_evaluate/data/5_13_2021/label_xml_EL/end2end_neural_el/aida/aida_testb
args.subset_xml_dir /scratch365/yding4/e2e_EL_evaluate/data/5_13_2021/label_xml_EL/end2end_neural_el/aida
num_ner_anno 43 num_el_anno 2888 num_shift_anno 0 num_change_length 0
num_ner_anno 0 num_el_anno 4370 num_shift_anno 0 num_change_length 0
FLAG_EQUAL_TXT:  False
model:  end2end_neural_el  dataset:  aida_testb
verify:  2681  edit:  207  remove:  43
dataset_path /scratch365/yding4/e2e_EL_evaluate/data/5_13_2021/label_xml_EL/end2end_neural_el/aida/aida_train
args.subset_xml_dir /scratch365/yding4/e2e_EL_evaluate/data/5_13_2021/label_xml_EL/end2end_neural_el/aida
num_ner_anno 138 num_el_anno 11861 num_shift_anno 0 num_change_length 0
num_ner_anno 0 num_el_anno 18274 num_shift_anno 0 num_change_length 0
FLAG_EQUAL_TXT:  False
model:  end2end_neural_el  dataset:  aida_train
verify:  10954  edit:  907  remove:  138
verify 97677
remove 2101
edit 9864
