Namespace(datasets=['ace2004', 'aquaint', 'clueweb', 'msnbc', 'wikipedia', 'aida_train', 'aida_testa', 'aida_testb'], root_data_dir='/scratch365/yding4/e2e_EL_evaluate/data/deep_ed_PyTorch_data')
==> Loading disambiguation index
    Done loading disambiguation index
==> Loading redirects index
    Done loading redirects index
==> Loading entity wikiid - name map
  ---> from torch file: /scratch365/yding4/e2e_EL_evaluate/data/deep_ed_PyTorch_data/generated/ent_name_id_map.pt
    Done loading entity name - wikiid. Size thid index =  4306070
    Done loading entity name - wikiid. Size num2ent index =  4306070
====> load from pt file: /scratch365/yding4/e2e_EL_evaluate/data/deep_ed_PyTorch_data/generated/ent_p_e_m_index.pt
    Done loading index

Generating test data from dataset:ace2004
input main path:  /scratch365/yding4/e2e_EL_evaluate/data/deep_ed_PyTorch_data/basic_data/test_datasets/Span_Format/wned/ace2004
anno_file:  /scratch365/yding4/e2e_EL_evaluate/data/deep_ed_PyTorch_data/basic_data/test_datasets/Span_Format/wned/ace2004/ace2004.xml
out_file:  /scratch365/yding4/e2e_EL_evaluate/data/deep_ed_PyTorch_data/generated/test_train_data/ace2004.csv
Entity Lujaizui not found.
unknown entity anno:  Lujaizui
Done ace2004.
num_NER 49 num_EL 257
num_nonexistent_ent_id = 1; num_correct_ents = 256

Generating test data from dataset:aquaint
input main path:  /scratch365/yding4/e2e_EL_evaluate/data/deep_ed_PyTorch_data/basic_data/test_datasets/Span_Format/wned/aquaint
anno_file:  /scratch365/yding4/e2e_EL_evaluate/data/deep_ed_PyTorch_data/basic_data/test_datasets/Span_Format/wned/aquaint/aquaint.xml
out_file:  /scratch365/yding4/e2e_EL_evaluate/data/deep_ed_PyTorch_data/generated/test_train_data/aquaint.csv
Entity Federated State not found.
unknown entity anno:  Federated State
Entity List of national legal systems not found.
unknown entity anno:  List of national legal systems
Entity List of newspapers in India not found.
unknown entity anno:  List of newspapers in India
Entity Tender not found.
unknown entity anno:  Tender
Entity David Richardson not found.
unknown entity anno:  David Richardson
Entity List of fatal bear attacks in North America by decade not found.
unknown entity anno:  List of fatal bear attacks in North America by decade
Entity List of radio stations in Nicaragua not found.
unknown entity anno:  List of radio stations in Nicaragua
Done aquaint.
num_NER 0 num_EL 727
num_nonexistent_ent_id = 7; num_correct_ents = 720

Generating test data from dataset:clueweb
input main path:  /scratch365/yding4/e2e_EL_evaluate/data/deep_ed_PyTorch_data/basic_data/test_datasets/Span_Format/wned/clueweb
anno_file:  /scratch365/yding4/e2e_EL_evaluate/data/deep_ed_PyTorch_data/basic_data/test_datasets/Span_Format/wned/clueweb/clueweb.xml
out_file:  /scratch365/yding4/e2e_EL_evaluate/data/deep_ed_PyTorch_data/generated/test_train_data/clueweb.csv
Entity Mia Jones (Degrassi: The Next Generation) not found.
unknown entity anno:  Mia Jones (Degrassi: The Next Generation)
Entity World not found.
unknown entity anno:  World
Entity The Lord of the Rings: The Fellowship of the Ring not found.
unknown entity anno:  The Lord of the Rings: The Fellowship of the Ring
Entity Jumeirah Village not found.
unknown entity anno:  Jumeirah Village
Entity World not found.
unknown entity anno:  World
Entity Anthrax (disambiguation) not found.
unknown entity anno:  Anthrax (band)
Entity Anthrax (disambiguation) not found.
unknown entity anno:  Anthrax (band)
Entity Cosmos: A Personal Voyage not found.
unknown entity anno:  Cosmos: A Personal Voyage
Done clueweb.
num_NER 0 num_EL 11154
num_nonexistent_ent_id = 8; num_correct_ents = 11146

Generating test data from dataset:msnbc
input main path:  /scratch365/yding4/e2e_EL_evaluate/data/deep_ed_PyTorch_data/basic_data/test_datasets/Span_Format/wned/msnbc
anno_file:  /scratch365/yding4/e2e_EL_evaluate/data/deep_ed_PyTorch_data/basic_data/test_datasets/Span_Format/wned/msnbc/msnbc.xml
out_file:  /scratch365/yding4/e2e_EL_evaluate/data/deep_ed_PyTorch_data/generated/test_train_data/msnbc.csv
Done msnbc.
num_NER 83 num_EL 656
num_nonexistent_ent_id = 0; num_correct_ents = 656

Generating test data from dataset:wikipedia
input main path:  /scratch365/yding4/e2e_EL_evaluate/data/deep_ed_PyTorch_data/basic_data/test_datasets/Span_Format/wned/wikipedia
anno_file:  /scratch365/yding4/e2e_EL_evaluate/data/deep_ed_PyTorch_data/basic_data/test_datasets/Span_Format/wned/wikipedia/wikipedia.xml
out_file:  /scratch365/yding4/e2e_EL_evaluate/data/deep_ed_PyTorch_data/generated/test_train_data/wikipedia.csv
Entity Leslie Townsend not found.
unknown entity anno:  Leslie Townsend
Entity Ashland, Louisiana not found.
unknown entity anno:  Ashland, Louisiana
Entity Christina (given name) not found.
unknown entity anno:  Christina (given name)
Entity Christina (given name) not found.
unknown entity anno:  Christina (given name)
Entity Kirsten not found.
unknown entity anno:  Kirsten
Entity List of state highways in Colorado not found.
unknown entity anno:  State highways in Colorado
Entity U.S. Route 40 not found.
unknown entity anno:  U.S. Route 40
Entity U.S. Route 40 not found.
unknown entity anno:  U.S. Route 40
Entity Thomas Gordon not found.
unknown entity anno:  Thomas Gordon
Entity Robert Crowley not found.
unknown entity anno:  Robert Crowley
Entity Leslie Townsend not found.
unknown entity anno:  Leslie Townsend
Entity Tiger (comics) not found.
unknown entity anno:  Tiger (comics)
Entity Tiger (comics) not found.
unknown entity anno:  Tiger (comics)
Entity Underdog not found.
unknown entity anno:  Underdogs
Entity Ryan Campbell not found.
unknown entity anno:  Ryan Campbell
Entity List of Farm to Market Roads in Texas (1–99) not found.
unknown entity anno:  Farm to Market Road 16
Entity List of Farm to Market Roads in Texas (1–99) not found.
unknown entity anno:  Farm to Market Road 17
Entity List of Farm to Market Roads in Texas (1–99) not found.
unknown entity anno:  Farm to Market Road 17
Entity U.S. Route 40 not found.
unknown entity anno:  U.S. Route 40
Entity John Tyrrell not found.
unknown entity anno:  John Tyrrell
Entity List of minor DC Comics characters not found.
unknown entity anno:  Sam Lane (comics)
Done wikipedia.
num_NER 0 num_EL 6793
num_nonexistent_ent_id = 21; num_correct_ents = 6772

Generating test data from dataset:aida_train
input main path:  /scratch365/yding4/e2e_EL_evaluate/data/deep_ed_PyTorch_data/basic_data/test_datasets/Span_Format/AIDA/aida_train
anno_file:  /scratch365/yding4/e2e_EL_evaluate/data/deep_ed_PyTorch_data/basic_data/test_datasets/Span_Format/AIDA/aida_train/aida_train.xml
out_file:  /scratch365/yding4/e2e_EL_evaluate/data/deep_ed_PyTorch_data/generated/test_train_data/aida_train.csv
Entity Craig Brown not found.
unknown entity anno:  Craig Brown (footballer)
Entity International cricketers of South African origin not found.
unknown entity anno:  International cricketers of South African origin
Entity Jonathan Stark not found.
unknown entity anno:  Jonathan Stark
Entity Carlos Costa not found.
unknown entity anno:  Carlos Costa
Entity Antonio Esposito not found.
unknown entity anno:  Antonio Esposito
Entity Independence Day (disambiguation) not found.
unknown entity anno:  Independence Day (film)
Entity Independence Day (disambiguation) not found.
unknown entity anno:  Independence Day (film)
Entity Erik Hanson not found.
unknown entity anno:  Erik Hanson
Entity Erik Hanson not found.
unknown entity anno:  Erik Hanson
Entity Iván García not found.
unknown entity anno:  Iván García
Entity Camelot, Chesapeake, Virginia not found.
unknown entity anno:  Camelot, Chesapeake, Virginia
Entity Jonathan Stark not found.
unknown entity anno:  Jonathan Stark
Entity Gordon Parsons not found.
unknown entity anno:  Gordon Parsons
Entity Xhosa not found.
unknown entity anno:  Xhosa
Entity Xhosa not found.
unknown entity anno:  Xhosa
Entity Jamaat-e-Islami not found.
unknown entity anno:  Jamaat-e-Islami
Entity Ford Escort not found.
unknown entity anno:  Ford Escort
Entity Ford Escort not found.
unknown entity anno:  Ford Escort
Entity Franz Konrad not found.
unknown entity anno:  Franz Konrad
Entity Ford Escort not found.
unknown entity anno:  Ford Escort
Entity Carlos Costa not found.
unknown entity anno:  Carlos Costa
Entity Craig Evans not found.
unknown entity anno:  Craig Evans
Entity Preston not found.
unknown entity anno:  Preston
Entity Superman (disambiguation) not found.
unknown entity anno:  Superman (film)
Entity Superman (disambiguation) not found.
unknown entity anno:  Superman (film)
Entity Jonathan Stark not found.
unknown entity anno:  Jonathan Stark
Entity Ashta not found.
unknown entity anno:  Ashta
Entity John Smiley not found.
unknown entity anno:  John Smiley
Entity Derek Ryan not found.
unknown entity anno:  Derek Ryan
Entity Michael Andersson not found.
unknown entity anno:  Michael Andersson
Entity Michael Andersson not found.
unknown entity anno:  Michael Andersson
Entity Oksana Grishina not found.
unknown entity anno:  Oksana Grishina
Entity Derek Ryan not found.
unknown entity anno:  Derek Ryan
Entity Bandundu not found.
unknown entity anno:  Bandundu
Entity Čelopek not found.
unknown entity anno:  Čelopek
Done aida_train.
num_NER 4855 num_EL 18541
num_nonexistent_ent_id = 35; num_correct_ents = 18506

Generating test data from dataset:aida_testa
input main path:  /scratch365/yding4/e2e_EL_evaluate/data/deep_ed_PyTorch_data/basic_data/test_datasets/Span_Format/AIDA/aida_testa
anno_file:  /scratch365/yding4/e2e_EL_evaluate/data/deep_ed_PyTorch_data/basic_data/test_datasets/Span_Format/AIDA/aida_testa/aida_testa.xml
out_file:  /scratch365/yding4/e2e_EL_evaluate/data/deep_ed_PyTorch_data/generated/test_train_data/aida_testa.csv
Entity Derek Ryan not found.
unknown entity anno:  Derek Ryan
Entity Iván García not found.
unknown entity anno:  Iván García
Entity Akhbar not found.
unknown entity anno:  Elakhbar
Entity Michael Andersson not found.
unknown entity anno:  Michael Andersson
Entity Michael Andersson not found.
unknown entity anno:  Michael Andersson
Entity Oksana Grishina not found.
unknown entity anno:  Oksana Grishina
Entity Craig Brown not found.
unknown entity anno:  Craig Brown (footballer)
Entity John Collins not found.
unknown entity anno:  John Collins (footballer)
Entity International Boxing Association not found.
unknown entity anno:  International Boxing Association
Entity Ramón Ramírez not found.
unknown entity anno:  Ramón Ramírez
Done aida_testa.
num_NER 1126 num_EL 4791
num_nonexistent_ent_id = 10; num_correct_ents = 4781

Generating test data from dataset:aida_testb
input main path:  /scratch365/yding4/e2e_EL_evaluate/data/deep_ed_PyTorch_data/basic_data/test_datasets/Span_Format/AIDA/aida_testb
anno_file:  /scratch365/yding4/e2e_EL_evaluate/data/deep_ed_PyTorch_data/basic_data/test_datasets/Span_Format/AIDA/aida_testb/aida_testb.xml
out_file:  /scratch365/yding4/e2e_EL_evaluate/data/deep_ed_PyTorch_data/generated/test_train_data/aida_testb.csv
Entity World Open not found.
unknown entity anno:  World Open
Entity Douglas Young not found.
unknown entity anno:  Doug Young
Entity Douglas Young not found.
unknown entity anno:  Doug Young
Entity James Love not found.
unknown entity anno:  James Love
Entity Noel Whelan not found.
unknown entity anno:  Noel Whelan
Done aida_testb.
num_NER 1131 num_EL 4485
num_nonexistent_ent_id = 5; num_correct_ents = 4480
