dataset:  ace2004
num_ner_anno 0 num_el_anno 1675 num_shift_anno 0 num_change_length 0
num_of_docs_from_txt:  57
num_of_docs_from_anno:  57
dataset:  aquaint
num_ner_anno 0 num_el_anno 925 num_shift_anno 0 num_change_length 0
num_of_docs_from_txt:  50
num_of_docs_from_anno:  50
dataset:  clueweb
num_ner_anno 0 num_el_anno 23113 num_shift_anno 0 num_change_length 0
num_of_docs_from_txt:  320
num_of_docs_from_anno:  320
dataset:  msnbc
num_ner_anno 0 num_el_anno 756 num_shift_anno 0 num_change_length 0
num_of_docs_from_txt:  20
num_of_docs_from_anno:  20
dataset:  wikipedia
num_ner_anno 0 num_el_anno 11184 num_shift_anno 0 num_change_length 0
num_of_docs_from_txt:  345
num_of_docs_from_anno:  343
