dataset:  ace2004
num_ner_anno 0 num_el_anno 1355 num_shift_anno 0 num_change_length 0
num_of_docs_from_txt:  57
num_of_docs_from_anno:  57
dataset:  aquaint
num_ner_anno 0 num_el_anno 810 num_shift_anno 0 num_change_length 0
num_of_docs_from_txt:  50
num_of_docs_from_anno:  50
dataset:  clueweb
num_ner_anno 0 num_el_anno 12273 num_shift_anno 0 num_change_length 0
num_of_docs_from_txt:  320
num_of_docs_from_anno:  311
dataset:  msnbc
num_ner_anno 0 num_el_anno 629 num_shift_anno 0 num_change_length 0
num_of_docs_from_txt:  20
num_of_docs_from_anno:  20
dataset:  wikipedia
num_ner_anno 0 num_el_anno 8141 num_shift_anno 0 num_change_length 0
num_of_docs_from_txt:  345
num_of_docs_from_anno:  342
