dataset_path /scratch365/yding4/e2e_EL_evaluate/data/5_20_2021/label_xml_EL/GT/wned/ace2004
args.subset_xml_dir /scratch365/yding4/e2e_EL_evaluate/data/5_20_2021/label_xml_EL/GT/wned
num_ner_anno 2 num_el_anno 247 num_shift_anno 0 num_change_length 0
num_ner_anno 0 num_el_anno 256 num_shift_anno 0 num_change_length 0
FLAG_EQUAL_TXT:  False
model:  GT  dataset:  ace2004
verify:  239  edit:  8  remove:  2
dataset_path /scratch365/yding4/e2e_EL_evaluate/data/5_20_2021/label_xml_EL/GT/wned/aquaint
args.subset_xml_dir /scratch365/yding4/e2e_EL_evaluate/data/5_20_2021/label_xml_EL/GT/wned
num_ner_anno 17 num_el_anno 692 num_shift_anno 0 num_change_length 0
num_ner_anno 0 num_el_anno 727 num_shift_anno 0 num_change_length 0
FLAG_EQUAL_TXT:  False
model:  GT  dataset:  aquaint
verify:  654  edit:  38  remove:  17
dataset_path /scratch365/yding4/e2e_EL_evaluate/data/5_20_2021/label_xml_EL/GT/wned/clueweb
args.subset_xml_dir /scratch365/yding4/e2e_EL_evaluate/data/5_20_2021/label_xml_EL/GT/wned
num_ner_anno 220 num_el_anno 10831 num_shift_anno 0 num_change_length 0
num_ner_anno 0 num_el_anno 11139 num_shift_anno 0 num_change_length 0
FLAG_EQUAL_TXT:  False
model:  GT  dataset:  clueweb
verify:  9735  edit:  1096  remove:  220
dataset_path /scratch365/yding4/e2e_EL_evaluate/data/5_20_2021/label_xml_EL/GT/wned/msnbc
args.subset_xml_dir /scratch365/yding4/e2e_EL_evaluate/data/5_20_2021/label_xml_EL/GT/wned
num_ner_anno 13 num_el_anno 633 num_shift_anno 0 num_change_length 0
num_ner_anno 0 num_el_anno 656 num_shift_anno 0 num_change_length 0
FLAG_EQUAL_TXT:  False
model:  GT  dataset:  msnbc
verify:  590  edit:  43  remove:  13
dataset_path /scratch365/yding4/e2e_EL_evaluate/data/5_20_2021/label_xml_EL/GT/wned/wikipedia
args.subset_xml_dir /scratch365/yding4/e2e_EL_evaluate/data/5_20_2021/label_xml_EL/GT/wned
num_ner_anno 143 num_el_anno 6584 num_shift_anno 0 num_change_length 0
num_ner_anno 0 num_el_anno 6786 num_shift_anno 0 num_change_length 0
FLAG_EQUAL_TXT:  False
model:  GT  dataset:  wikipedia
verify:  5917  edit:  667  remove:  143
dataset_path /scratch365/yding4/e2e_EL_evaluate/data/5_20_2021/label_xml_EL/GT/aida/aida_testa
args.subset_xml_dir /scratch365/yding4/e2e_EL_evaluate/data/5_20_2021/label_xml_EL/GT/aida
num_ner_anno 47 num_el_anno 4696 num_shift_anno 0 num_change_length 0
num_ner_anno 0 num_el_anno 4787 num_shift_anno 0 num_change_length 0
FLAG_EQUAL_TXT:  False
model:  GT  dataset:  aida_testa
verify:  4246  edit:  450  remove:  47
dataset_path /scratch365/yding4/e2e_EL_evaluate/data/5_20_2021/label_xml_EL/GT/aida/aida_testb
args.subset_xml_dir /scratch365/yding4/e2e_EL_evaluate/data/5_20_2021/label_xml_EL/GT/aida
num_ner_anno 42 num_el_anno 4387 num_shift_anno 0 num_change_length 0
num_ner_anno 0 num_el_anno 4480 num_shift_anno 0 num_change_length 0
FLAG_EQUAL_TXT:  False
model:  GT  dataset:  aida_testb
verify:  4014  edit:  373  remove:  42
dataset_path /scratch365/yding4/e2e_EL_evaluate/data/5_20_2021/label_xml_EL/GT/aida/aida_train
args.subset_xml_dir /scratch365/yding4/e2e_EL_evaluate/data/5_20_2021/label_xml_EL/GT/aida
num_ner_anno 240 num_el_anno 17951 num_shift_anno 0 num_change_length 0
num_ner_anno 0 num_el_anno 18511 num_shift_anno 0 num_change_length 0
FLAG_EQUAL_TXT:  False
model:  GT  dataset:  aida_train
verify:  16407  edit:  1544  remove:  240
dataset_path /scratch365/yding4/e2e_EL_evaluate/data/5_20_2021/label_xml_EL/rel/wned/ace2004
args.subset_xml_dir /scratch365/yding4/e2e_EL_evaluate/data/5_20_2021/label_xml_EL/rel/wned
num_ner_anno 22 num_el_anno 1640 num_shift_anno 0 num_change_length 0
num_ner_anno 0 num_el_anno 1672 num_shift_anno 0 num_change_length 0
FLAG_EQUAL_TXT:  False
model:  rel  dataset:  ace2004
verify:  1475  edit:  165  remove:  22
dataset_path /scratch365/yding4/e2e_EL_evaluate/data/5_20_2021/label_xml_EL/rel/wned/aquaint
args.subset_xml_dir /scratch365/yding4/e2e_EL_evaluate/data/5_20_2021/label_xml_EL/rel/wned
num_ner_anno 28 num_el_anno 875 num_shift_anno 0 num_change_length 0
num_ner_anno 0 num_el_anno 925 num_shift_anno 0 num_change_length 0
FLAG_EQUAL_TXT:  False
model:  rel  dataset:  aquaint
verify:  817  edit:  58  remove:  28
dataset_path /scratch365/yding4/e2e_EL_evaluate/data/5_20_2021/label_xml_EL/rel/wned/clueweb
args.subset_xml_dir /scratch365/yding4/e2e_EL_evaluate/data/5_20_2021/label_xml_EL/rel/wned
num_ner_anno 828 num_el_anno 21910 num_shift_anno 0 num_change_length 0
num_ner_anno 0 num_el_anno 23056 num_shift_anno 0 num_change_length 0
FLAG_EQUAL_TXT:  False
model:  rel  dataset:  clueweb
verify:  19686  edit:  2224  remove:  828
dataset_path /scratch365/yding4/e2e_EL_evaluate/data/5_20_2021/label_xml_EL/rel/wned/msnbc
args.subset_xml_dir /scratch365/yding4/e2e_EL_evaluate/data/5_20_2021/label_xml_EL/rel/wned
num_ner_anno 20 num_el_anno 704 num_shift_anno 0 num_change_length 0
num_ner_anno 0 num_el_anno 756 num_shift_anno 0 num_change_length 0
FLAG_EQUAL_TXT:  False
model:  rel  dataset:  msnbc
verify:  648  edit:  56  remove:  20
dataset_path /scratch365/yding4/e2e_EL_evaluate/data/5_20_2021/label_xml_EL/rel/wned/wikipedia
args.subset_xml_dir /scratch365/yding4/e2e_EL_evaluate/data/5_20_2021/label_xml_EL/rel/wned
num_ner_anno 229 num_el_anno 10737 num_shift_anno 0 num_change_length 0
num_ner_anno 0 num_el_anno 11177 num_shift_anno 0 num_change_length 0
FLAG_EQUAL_TXT:  False
model:  rel  dataset:  wikipedia
verify:  9441  edit:  1296  remove:  229
dataset_path /scratch365/yding4/e2e_EL_evaluate/data/5_20_2021/label_xml_EL/rel/aida/aida_testa
args.subset_xml_dir /scratch365/yding4/e2e_EL_evaluate/data/5_20_2021/label_xml_EL/rel/aida
num_ner_anno 78 num_el_anno 5318 num_shift_anno 0 num_change_length 0
num_ner_anno 0 num_el_anno 5439 num_shift_anno 0 num_change_length 0
FLAG_EQUAL_TXT:  False
model:  rel  dataset:  aida_testa
verify:  4791  edit:  527  remove:  78
dataset_path /scratch365/yding4/e2e_EL_evaluate/data/5_20_2021/label_xml_EL/rel/aida/aida_testb
args.subset_xml_dir /scratch365/yding4/e2e_EL_evaluate/data/5_20_2021/label_xml_EL/rel/aida
num_ner_anno 115 num_el_anno 4859 num_shift_anno 0 num_change_length 0
num_ner_anno 0 num_el_anno 5079 num_shift_anno 0 num_change_length 0
FLAG_EQUAL_TXT:  False
model:  rel  dataset:  aida_testb
verify:  4453  edit:  406  remove:  115
dataset_path /scratch365/yding4/e2e_EL_evaluate/data/5_20_2021/label_xml_EL/rel/aida/aida_train
args.subset_xml_dir /scratch365/yding4/e2e_EL_evaluate/data/5_20_2021/label_xml_EL/rel/aida
num_ner_anno 360 num_el_anno 20450 num_shift_anno 0 num_change_length 0
num_ner_anno 0 num_el_anno 21172 num_shift_anno 0 num_change_length 0
FLAG_EQUAL_TXT:  False
model:  rel  dataset:  aida_train
verify:  18571  edit:  1879  remove:  360
dataset_path /scratch365/yding4/e2e_EL_evaluate/data/5_20_2021/label_xml_EL/end2end_neural_el/wned/ace2004
args.subset_xml_dir /scratch365/yding4/e2e_EL_evaluate/data/5_20_2021/label_xml_EL/end2end_neural_el/wned
num_ner_anno 19 num_el_anno 1333 num_shift_anno 0 num_change_length 0
num_ner_anno 0 num_el_anno 1352 num_shift_anno 0 num_change_length 0
FLAG_EQUAL_TXT:  False
model:  end2end_neural_el  dataset:  ace2004
verify:  1241  edit:  92  remove:  19
dataset_path /scratch365/yding4/e2e_EL_evaluate/data/5_20_2021/label_xml_EL/end2end_neural_el/wned/aquaint
args.subset_xml_dir /scratch365/yding4/e2e_EL_evaluate/data/5_20_2021/label_xml_EL/end2end_neural_el/wned
num_ner_anno 9 num_el_anno 801 num_shift_anno 0 num_change_length 0
num_ner_anno 0 num_el_anno 810 num_shift_anno 0 num_change_length 0
FLAG_EQUAL_TXT:  False
model:  end2end_neural_el  dataset:  aquaint
verify:  753  edit:  48  remove:  9
dataset_path /scratch365/yding4/e2e_EL_evaluate/data/5_20_2021/label_xml_EL/end2end_neural_el/wned/clueweb
args.subset_xml_dir /scratch365/yding4/e2e_EL_evaluate/data/5_20_2021/label_xml_EL/end2end_neural_el/wned
num_ner_anno 217 num_el_anno 11680 num_shift_anno 0 num_change_length 0
num_ner_anno 0 num_el_anno 12247 num_shift_anno 0 num_change_length 0
FLAG_EQUAL_TXT:  False
model:  end2end_neural_el  dataset:  clueweb
verify:  10867  edit:  813  remove:  217
dataset_path /scratch365/yding4/e2e_EL_evaluate/data/5_20_2021/label_xml_EL/end2end_neural_el/wned/msnbc
args.subset_xml_dir /scratch365/yding4/e2e_EL_evaluate/data/5_20_2021/label_xml_EL/end2end_neural_el/wned
num_ner_anno 10 num_el_anno 619 num_shift_anno 0 num_change_length 0
num_ner_anno 0 num_el_anno 629 num_shift_anno 0 num_change_length 0
FLAG_EQUAL_TXT:  False
model:  end2end_neural_el  dataset:  msnbc
verify:  575  edit:  44  remove:  10
dataset_path /scratch365/yding4/e2e_EL_evaluate/data/5_20_2021/label_xml_EL/end2end_neural_el/wned/wikipedia
args.subset_xml_dir /scratch365/yding4/e2e_EL_evaluate/data/5_20_2021/label_xml_EL/end2end_neural_el/wned
num_ner_anno 154 num_el_anno 7857 num_shift_anno 0 num_change_length 0
num_ner_anno 0 num_el_anno 8136 num_shift_anno 0 num_change_length 0
FLAG_EQUAL_TXT:  False
model:  end2end_neural_el  dataset:  wikipedia
verify:  7197  edit:  660  remove:  154
dataset_path /scratch365/yding4/e2e_EL_evaluate/data/5_20_2021/label_xml_EL/end2end_neural_el/aida/aida_testa
args.subset_xml_dir /scratch365/yding4/e2e_EL_evaluate/data/5_20_2021/label_xml_EL/end2end_neural_el/aida
num_ner_anno 64 num_el_anno 4643 num_shift_anno 0 num_change_length 0
num_ner_anno 0 num_el_anno 4754 num_shift_anno 0 num_change_length 0
FLAG_EQUAL_TXT:  False
model:  end2end_neural_el  dataset:  aida_testa
verify:  4283  edit:  360  remove:  64
dataset_path /scratch365/yding4/e2e_EL_evaluate/data/5_20_2021/label_xml_EL/end2end_neural_el/aida/aida_testb
args.subset_xml_dir /scratch365/yding4/e2e_EL_evaluate/data/5_20_2021/label_xml_EL/end2end_neural_el/aida
num_ner_anno 59 num_el_anno 4231 num_shift_anno 0 num_change_length 0
num_ner_anno 0 num_el_anno 4370 num_shift_anno 0 num_change_length 0
FLAG_EQUAL_TXT:  False
model:  end2end_neural_el  dataset:  aida_testb
verify:  3940  edit:  291  remove:  59
dataset_path /scratch365/yding4/e2e_EL_evaluate/data/5_20_2021/label_xml_EL/end2end_neural_el/aida/aida_train
args.subset_xml_dir /scratch365/yding4/e2e_EL_evaluate/data/5_20_2021/label_xml_EL/end2end_neural_el/aida
num_ner_anno 204 num_el_anno 17745 num_shift_anno 0 num_change_length 0
num_ner_anno 0 num_el_anno 18274 num_shift_anno 0 num_change_length 0
FLAG_EQUAL_TXT:  False
model:  end2end_neural_el  dataset:  aida_train
verify:  16398  edit:  1347  remove:  204
verify 146938
remove 3140
edit 14485
